1762377898.180736 client started (75556): version 3.5a, socket /tmp/tmux-1000/default, protocol 8
1762377898.180776 on Linux 6.17.4-arch2-1 #1 SMP PREEMPT_DYNAMIC Sun, 19 Oct 2025 19:21:18 +0000
1762377898.180797 using libevent 2.1.12-stable poll
1762377898.180802 using ncurses 6.5 20240427
1762377898.180825 flags are 0x10010000
1762377898.180860 socket is /tmp/tmux-1000/default
1762377898.180875 trying connect
1762377898.180966 add peer 0x55c541c2a6d0: 6 ((nil))
1762377898.181393 sending message 111 to peer 0x55c541c2a6d0 (8 bytes)
1762377898.181401 sending message 111 to peer 0x55c541c2a6d0 (8 bytes)
1762377898.181405 sending message 101 to peer 0x55c541c2a6d0 (14 bytes)
1762377898.181409 sending message 109 to peer 0x55c541c2a6d0 (4 bytes)
1762377898.181413 sending message 102 to peer 0x55c541c2a6d0 (11 bytes)
1762377898.181417 sending message 108 to peer 0x55c541c2a6d0 (25 bytes)
1762377898.181421 sending message 112 to peer 0x55c541c2a6d0 (70 bytes)
1762377898.181426 sending message 112 to peer 0x55c541c2a6d0 (5 bytes)
1762377898.181430 sending message 112 to peer 0x55c541c2a6d0 (5 bytes)
1762377898.181433 sending message 112 to peer 0x55c541c2a6d0 (6 bytes)
1762377898.181437 sending message 112 to peer 0x55c541c2a6d0 (6 bytes)
1762377898.181441 sending message 112 to peer 0x55c541c2a6d0 (11 bytes)
1762377898.181445 sending message 112 to peer 0x55c541c2a6d0 (10 bytes)
1762377898.181449 sending message 112 to peer 0x55c541c2a6d0 (13 bytes)
1762377898.181453 sending message 112 to peer 0x55c541c2a6d0 (13 bytes)
1762377898.181456 sending message 112 to peer 0x55c541c2a6d0 (18 bytes)
1762377898.181460 sending message 112 to peer 0x55c541c2a6d0 (11 bytes)
1762377898.181464 sending message 112 to peer 0x55c541c2a6d0 (10 bytes)
1762377898.181468 sending message 112 to peer 0x55c541c2a6d0 (15 bytes)
1762377898.181472 sending message 112 to peer 0x55c541c2a6d0 (21 bytes)
1762377898.181476 sending message 112 to peer 0x55c541c2a6d0 (13 bytes)
1762377898.181480 sending message 112 to peer 0x55c541c2a6d0 (7 bytes)
1762377898.181484 sending message 112 to peer 0x55c541c2a6d0 (13 bytes)
1762377898.181488 sending message 112 to peer 0x55c541c2a6d0 (7 bytes)
1762377898.181505 sending message 112 to peer 0x55c541c2a6d0 (13 bytes)
1762377898.181509 sending message 112 to peer 0x55c541c2a6d0 (9 bytes)
1762377898.181513 sending message 112 to peer 0x55c541c2a6d0 (21 bytes)
1762377898.181517 sending message 112 to peer 0x55c541c2a6d0 (13 bytes)
1762377898.181521 sending message 112 to peer 0x55c541c2a6d0 (8 bytes)
1762377898.181525 sending message 112 to peer 0x55c541c2a6d0 (12 bytes)
1762377898.181528 sending message 112 to peer 0x55c541c2a6d0 (13 bytes)
1762377898.181532 sending message 112 to peer 0x55c541c2a6d0 (9 bytes)
1762377898.181536 sending message 112 to peer 0x55c541c2a6d0 (9 bytes)
1762377898.181540 sending message 112 to peer 0x55c541c2a6d0 (12 bytes)
1762377898.181544 sending message 112 to peer 0x55c541c2a6d0 (8 bytes)
1762377898.181549 sending message 112 to peer 0x55c541c2a6d0 (8 bytes)
1762377898.181552 sending message 112 to peer 0x55c541c2a6d0 (7 bytes)
1762377898.181557 sending message 112 to peer 0x55c541c2a6d0 (7 bytes)
1762377898.181562 sending message 112 to peer 0x55c541c2a6d0 (9 bytes)
1762377898.181566 sending message 112 to peer 0x55c541c2a6d0 (13 bytes)
1762377898.181570 sending message 112 to peer 0x55c541c2a6d0 (6 bytes)
1762377898.181574 sending message 112 to peer 0x55c541c2a6d0 (9 bytes)
1762377898.181578 sending message 112 to peer 0x55c541c2a6d0 (15 bytes)
1762377898.181582 sending message 112 to peer 0x55c541c2a6d0 (13 bytes)
1762377898.181586 sending message 112 to peer 0x55c541c2a6d0 (12 bytes)
1762377898.181590 sending message 112 to peer 0x55c541c2a6d0 (8 bytes)
1762377898.181594 sending message 112 to peer 0x55c541c2a6d0 (14 bytes)
1762377898.181598 sending message 112 to peer 0x55c541c2a6d0 (11 bytes)
1762377898.181601 sending message 112 to peer 0x55c541c2a6d0 (9 bytes)
1762377898.181605 sending message 112 to peer 0x55c541c2a6d0 (10 bytes)
1762377898.181609 sending message 112 to peer 0x55c541c2a6d0 (10 bytes)
1762377898.181623 sending message 112 to peer 0x55c541c2a6d0 (10 bytes)
1762377898.181627 sending message 112 to peer 0x55c541c2a6d0 (10 bytes)
1762377898.181631 sending message 112 to peer 0x55c541c2a6d0 (11 bytes)
1762377898.181635 sending message 112 to peer 0x55c541c2a6d0 (12 bytes)
1762377898.181639 sending message 112 to peer 0x55c541c2a6d0 (12 bytes)
1762377898.181643 sending message 112 to peer 0x55c541c2a6d0 (12 bytes)
1762377898.181647 sending message 112 to peer 0x55c541c2a6d0 (12 bytes)
1762377898.181650 sending message 112 to peer 0x55c541c2a6d0 (12 bytes)
1762377898.181654 sending message 112 to peer 0x55c541c2a6d0 (11 bytes)
1762377898.181658 sending message 112 to peer 0x55c541c2a6d0 (11 bytes)
1762377898.181662 sending message 112 to peer 0x55c541c2a6d0 (12 bytes)
1762377898.181666 sending message 112 to peer 0x55c541c2a6d0 (12 bytes)
1762377898.181670 sending message 112 to peer 0x55c541c2a6d0 (12 bytes)
1762377898.181674 sending message 112 to peer 0x55c541c2a6d0 (12 bytes)
1762377898.181677 sending message 112 to peer 0x55c541c2a6d0 (12 bytes)
1762377898.181681 sending message 112 to peer 0x55c541c2a6d0 (10 bytes)
1762377898.181685 sending message 112 to peer 0x55c541c2a6d0 (12 bytes)
1762377898.181689 sending message 112 to peer 0x55c541c2a6d0 (13 bytes)
1762377898.181693 sending message 112 to peer 0x55c541c2a6d0 (13 bytes)
1762377898.181697 sending message 112 to peer 0x55c541c2a6d0 (13 bytes)
1762377898.181701 sending message 112 to peer 0x55c541c2a6d0 (13 bytes)
1762377898.181704 sending message 112 to peer 0x55c541c2a6d0 (13 bytes)
1762377898.181708 sending message 112 to peer 0x55c541c2a6d0 (8 bytes)
1762377898.181712 sending message 112 to peer 0x55c541c2a6d0 (11 bytes)
1762377898.181716 sending message 112 to peer 0x55c541c2a6d0 (11 bytes)
1762377898.181720 sending message 112 to peer 0x55c541c2a6d0 (11 bytes)
1762377898.181724 sending message 112 to peer 0x55c541c2a6d0 (12 bytes)
1762377898.181728 sending message 112 to peer 0x55c541c2a6d0 (12 bytes)
1762377898.181731 sending message 112 to peer 0x55c541c2a6d0 (12 bytes)
1762377898.181735 sending message 112 to peer 0x55c541c2a6d0 (12 bytes)
1762377898.181739 sending message 112 to peer 0x55c541c2a6d0 (13 bytes)
1762377898.181743 sending message 112 to peer 0x55c541c2a6d0 (13 bytes)
1762377898.181747 sending message 112 to peer 0x55c541c2a6d0 (13 bytes)
1762377898.181751 sending message 112 to peer 0x55c541c2a6d0 (8 bytes)
1762377898.181754 sending message 112 to peer 0x55c541c2a6d0 (13 bytes)
1762377898.181758 sending message 112 to peer 0x55c541c2a6d0 (13 bytes)
1762377898.181762 sending message 112 to peer 0x55c541c2a6d0 (13 bytes)
1762377898.181766 sending message 112 to peer 0x55c541c2a6d0 (13 bytes)
1762377898.181770 sending message 112 to peer 0x55c541c2a6d0 (13 bytes)
1762377898.181774 sending message 112 to peer 0x55c541c2a6d0 (12 bytes)
1762377898.181777 sending message 112 to peer 0x55c541c2a6d0 (12 bytes)
1762377898.181781 sending message 112 to peer 0x55c541c2a6d0 (12 bytes)
1762377898.181802 sending message 112 to peer 0x55c541c2a6d0 (12 bytes)
1762377898.181806 sending message 112 to peer 0x55c541c2a6d0 (13 bytes)
1762377898.181810 sending message 112 to peer 0x55c541c2a6d0 (8 bytes)
1762377898.181814 sending message 112 to peer 0x55c541c2a6d0 (13 bytes)
1762377898.181818 sending message 112 to peer 0x55c541c2a6d0 (13 bytes)
1762377898.181822 sending message 112 to peer 0x55c541c2a6d0 (13 bytes)
1762377898.181826 sending message 112 to peer 0x55c541c2a6d0 (13 bytes)
1762377898.181830 sending message 112 to peer 0x55c541c2a6d0 (13 bytes)
1762377898.181833 sending message 112 to peer 0x55c541c2a6d0 (13 bytes)
1762377898.181837 sending message 112 to peer 0x55c541c2a6d0 (13 bytes)
1762377898.181841 sending message 112 to peer 0x55c541c2a6d0 (12 bytes)
1762377898.181845 sending message 112 to peer 0x55c541c2a6d0 (12 bytes)
1762377898.181849 sending message 112 to peer 0x55c541c2a6d0 (12 bytes)
1762377898.181852 sending message 112 to peer 0x55c541c2a6d0 (8 bytes)
1762377898.181857 sending message 112 to peer 0x55c541c2a6d0 (12 bytes)
1762377898.181870 sending message 112 to peer 0x55c541c2a6d0 (13 bytes)
1762377898.181874 sending message 112 to peer 0x55c541c2a6d0 (13 bytes)
1762377898.181878 sending message 112 to peer 0x55c541c2a6d0 (13 bytes)
1762377898.181882 sending message 112 to peer 0x55c541c2a6d0 (13 bytes)
1762377898.181886 sending message 112 to peer 0x55c541c2a6d0 (13 bytes)
1762377898.181890 sending message 112 to peer 0x55c541c2a6d0 (13 bytes)
1762377898.181893 sending message 112 to peer 0x55c541c2a6d0 (13 bytes)
1762377898.181897 sending message 112 to peer 0x55c541c2a6d0 (13 bytes)
1762377898.181901 sending message 112 to peer 0x55c541c2a6d0 (12 bytes)
1762377898.181905 sending message 112 to peer 0x55c541c2a6d0 (10 bytes)
1762377898.181911 sending message 112 to peer 0x55c541c2a6d0 (12 bytes)
1762377898.181915 sending message 112 to peer 0x55c541c2a6d0 (12 bytes)
1762377898.181919 sending message 112 to peer 0x55c541c2a6d0 (12 bytes)
1762377898.181923 sending message 112 to peer 0x55c541c2a6d0 (13 bytes)
1762377898.181926 sending message 112 to peer 0x55c541c2a6d0 (13 bytes)
1762377898.181930 sending message 112 to peer 0x55c541c2a6d0 (13 bytes)
1762377898.181934 sending message 112 to peer 0x55c541c2a6d0 (13 bytes)
1762377898.181938 sending message 112 to peer 0x55c541c2a6d0 (13 bytes)
1762377898.181942 sending message 112 to peer 0x55c541c2a6d0 (13 bytes)
1762377898.181945 sending message 112 to peer 0x55c541c2a6d0 (13 bytes)
1762377898.181949 sending message 112 to peer 0x55c541c2a6d0 (10 bytes)
1762377898.181953 sending message 112 to peer 0x55c541c2a6d0 (13 bytes)
1762377898.181957 sending message 112 to peer 0x55c541c2a6d0 (12 bytes)
1762377898.181960 sending message 112 to peer 0x55c541c2a6d0 (12 bytes)
1762377898.181964 sending message 112 to peer 0x55c541c2a6d0 (12 bytes)
1762377898.181968 sending message 112 to peer 0x55c541c2a6d0 (10 bytes)
1762377898.181972 sending message 112 to peer 0x55c541c2a6d0 (10 bytes)
1762377898.181975 sending message 112 to peer 0x55c541c2a6d0 (10 bytes)
1762377898.181979 sending message 112 to peer 0x55c541c2a6d0 (12 bytes)
1762377898.181983 sending message 112 to peer 0x55c541c2a6d0 (13 bytes)
1762377898.181987 sending message 112 to peer 0x55c541c2a6d0 (13 bytes)
1762377898.181990 sending message 112 to peer 0x55c541c2a6d0 (13 bytes)
1762377898.181994 sending message 112 to peer 0x55c541c2a6d0 (13 bytes)
1762377898.181998 sending message 112 to peer 0x55c541c2a6d0 (13 bytes)
1762377898.182002 sending message 112 to peer 0x55c541c2a6d0 (11 bytes)
1762377898.182006 sending message 112 to peer 0x55c541c2a6d0 (11 bytes)
1762377898.182009 sending message 112 to peer 0x55c541c2a6d0 (12 bytes)
1762377898.182013 sending message 112 to peer 0x55c541c2a6d0 (12 bytes)
1762377898.182017 sending message 112 to peer 0x55c541c2a6d0 (12 bytes)
1762377898.182021 sending message 112 to peer 0x55c541c2a6d0 (12 bytes)
1762377898.182024 sending message 112 to peer 0x55c541c2a6d0 (12 bytes)
1762377898.182028 sending message 112 to peer 0x55c541c2a6d0 (11 bytes)
1762377898.182032 sending message 112 to peer 0x55c541c2a6d0 (12 bytes)
1762377898.182036 sending message 112 to peer 0x55c541c2a6d0 (12 bytes)
1762377898.182040 sending message 112 to peer 0x55c541c2a6d0 (13 bytes)
1762377898.182043 sending message 112 to peer 0x55c541c2a6d0 (13 bytes)
1762377898.182047 sending message 112 to peer 0x55c541c2a6d0 (13 bytes)
1762377898.182051 sending message 112 to peer 0x55c541c2a6d0 (13 bytes)
1762377898.182055 sending message 112 to peer 0x55c541c2a6d0 (13 bytes)
1762377898.182059 sending message 112 to peer 0x55c541c2a6d0 (10 bytes)
1762377898.182062 sending message 112 to peer 0x55c541c2a6d0 (9 bytes)
1762377898.182066 sending message 112 to peer 0x55c541c2a6d0 (12 bytes)
1762377898.182070 sending message 112 to peer 0x55c541c2a6d0 (13 bytes)
1762377898.182074 sending message 112 to peer 0x55c541c2a6d0 (13 bytes)
1762377898.182077 sending message 112 to peer 0x55c541c2a6d0 (13 bytes)
1762377898.182081 sending message 112 to peer 0x55c541c2a6d0 (13 bytes)
1762377898.182085 sending message 112 to peer 0x55c541c2a6d0 (13 bytes)
1762377898.182096 sending message 112 to peer 0x55c541c2a6d0 (9 bytes)
1762377898.182100 sending message 112 to peer 0x55c541c2a6d0 (12 bytes)
1762377898.182104 sending message 112 to peer 0x55c541c2a6d0 (13 bytes)
1762377898.182108 sending message 112 to peer 0x55c541c2a6d0 (13 bytes)
1762377898.182112 sending message 112 to peer 0x55c541c2a6d0 (13 bytes)
1762377898.182116 sending message 112 to peer 0x55c541c2a6d0 (13 bytes)
1762377898.182119 sending message 112 to peer 0x55c541c2a6d0 (13 bytes)
1762377898.182123 sending message 112 to peer 0x55c541c2a6d0 (11 bytes)
1762377898.182127 sending message 112 to peer 0x55c541c2a6d0 (12 bytes)
1762377898.182131 sending message 112 to peer 0x55c541c2a6d0 (13 bytes)
1762377898.182135 sending message 112 to peer 0x55c541c2a6d0 (13 bytes)
1762377898.182138 sending message 112 to peer 0x55c541c2a6d0 (13 bytes)
1762377898.182142 sending message 112 to peer 0x55c541c2a6d0 (13 bytes)
1762377898.182146 sending message 112 to peer 0x55c541c2a6d0 (13 bytes)
1762377898.182150 sending message 112 to peer 0x55c541c2a6d0 (11 bytes)
1762377898.182154 sending message 112 to peer 0x55c541c2a6d0 (12 bytes)
1762377898.182158 sending message 112 to peer 0x55c541c2a6d0 (12 bytes)
1762377898.182162 sending message 112 to peer 0x55c541c2a6d0 (12 bytes)
1762377898.182165 sending message 112 to peer 0x55c541c2a6d0 (12 bytes)
1762377898.182169 sending message 112 to peer 0x55c541c2a6d0 (12 bytes)
1762377898.182173 sending message 112 to peer 0x55c541c2a6d0 (21 bytes)
1762377898.182177 sending message 112 to peer 0x55c541c2a6d0 (12 bytes)
1762377898.182181 sending message 112 to peer 0x55c541c2a6d0 (9 bytes)
1762377898.182185 sending message 112 to peer 0x55c541c2a6d0 (6 bytes)
1762377898.182189 sending message 112 to peer 0x55c541c2a6d0 (13 bytes)
1762377898.182193 sending message 112 to peer 0x55c541c2a6d0 (8 bytes)
1762377898.182197 sending message 112 to peer 0x55c541c2a6d0 (15 bytes)
1762377898.182200 sending message 112 to peer 0x55c541c2a6d0 (13 bytes)
1762377898.182204 sending message 112 to peer 0x55c541c2a6d0 (9 bytes)
1762377898.182208 sending message 112 to peer 0x55c541c2a6d0 (70 bytes)
1762377898.182212 sending message 112 to peer 0x55c541c2a6d0 (69 bytes)
1762377898.182217 sending message 112 to peer 0x55c541c2a6d0 (10 bytes)
1762377898.182221 sending message 112 to peer 0x55c541c2a6d0 (10 bytes)
1762377898.182225 sending message 112 to peer 0x55c541c2a6d0 (8 bytes)
1762377898.182229 sending message 112 to peer 0x55c541c2a6d0 (15 bytes)
1762377898.182233 sending message 112 to peer 0x55c541c2a6d0 (13 bytes)
1762377898.182237 sending message 112 to peer 0x55c541c2a6d0 (10 bytes)
1762377898.182240 sending message 112 to peer 0x55c541c2a6d0 (10 bytes)
1762377898.182244 sending message 112 to peer 0x55c541c2a6d0 (17 bytes)
1762377898.182248 sending message 112 to peer 0x55c541c2a6d0 (10 bytes)
1762377898.182252 sending message 112 to peer 0x55c541c2a6d0 (13 bytes)
1762377898.182256 sending message 112 to peer 0x55c541c2a6d0 (9 bytes)
1762377898.182260 sending message 112 to peer 0x55c541c2a6d0 (5 bytes)
1762377898.182264 sending message 112 to peer 0x55c541c2a6d0 (15 bytes)
1762377898.182269 sending message 104 to peer 0x55c541c2a6d0 (0 bytes)
1762377898.182274 sending message 110 to peer 0x55c541c2a6d0 (0 bytes)
1762377898.182279 sending message 107 to peer 0x55c541c2a6d0 (4 bytes)
1762377898.182283 sending message 105 to peer 0x55c541c2a6d0 (20 bytes)
1762377898.182287 sending message 105 to peer 0x55c541c2a6d0 (54 bytes)
1762377898.182291 sending message 105 to peer 0x55c541c2a6d0 (50 bytes)
1762377898.182295 sending message 105 to peer 0x55c541c2a6d0 (25 bytes)
1762377898.182299 sending message 105 to peer 0x55c541c2a6d0 (11 bytes)
1762377898.182303 sending message 105 to peer 0x55c541c2a6d0 (13 bytes)
1762377898.182307 sending message 105 to peer 0x55c541c2a6d0 (19 bytes)
1762377898.182311 sending message 105 to peer 0x55c541c2a6d0 (22 bytes)
1762377898.182315 sending message 105 to peer 0x55c541c2a6d0 (90 bytes)
1762377898.182319 sending message 105 to peer 0x55c541c2a6d0 (38 bytes)
1762377898.182336 sending message 105 to peer 0x55c541c2a6d0 (15 bytes)
1762377898.182340 sending message 105 to peer 0x55c541c2a6d0 (60 bytes)
1762377898.182344 sending message 105 to peer 0x55c541c2a6d0 (18 bytes)
1762377898.182348 sending message 105 to peer 0x55c541c2a6d0 (17 bytes)
1762377898.182352 sending message 105 to peer 0x55c541c2a6d0 (10 bytes)
1762377898.182356 sending message 105 to peer 0x55c541c2a6d0 (23 bytes)
1762377898.182360 sending message 105 to peer 0x55c541c2a6d0 (15 bytes)
1762377898.182364 sending message 105 to peer 0x55c541c2a6d0 (21 bytes)
1762377898.182368 sending message 105 to peer 0x55c541c2a6d0 (23 bytes)
1762377898.182372 sending message 105 to peer 0x55c541c2a6d0 (232 bytes)
1762377898.182376 sending message 105 to peer 0x55c541c2a6d0 (29 bytes)
1762377898.182380 sending message 105 to peer 0x55c541c2a6d0 (15 bytes)
1762377898.182384 sending message 105 to peer 0x55c541c2a6d0 (8 bytes)
1762377898.182388 sending message 105 to peer 0x55c541c2a6d0 (19 bytes)
1762377898.182392 sending message 105 to peer 0x55c541c2a6d0 (33 bytes)
1762377898.182396 sending message 105 to peer 0x55c541c2a6d0 (18 bytes)
1762377898.182400 sending message 105 to peer 0x55c541c2a6d0 (26 bytes)
1762377898.182404 sending message 105 to peer 0x55c541c2a6d0 (35 bytes)
1762377898.182409 sending message 105 to peer 0x55c541c2a6d0 (13 bytes)
1762377898.182413 sending message 105 to peer 0x55c541c2a6d0 (55 bytes)
1762377898.182417 sending message 105 to peer 0x55c541c2a6d0 (7 bytes)
1762377898.182421 sending message 105 to peer 0x55c541c2a6d0 (5 bytes)
1762377898.182425 sending message 105 to peer 0x55c541c2a6d0 (26 bytes)
1762377898.182429 sending message 105 to peer 0x55c541c2a6d0 (16 bytes)
1762377898.182433 sending message 105 to peer 0x55c541c2a6d0 (20 bytes)
1762377898.182437 sending message 105 to peer 0x55c541c2a6d0 (29 bytes)
1762377898.182441 sending message 105 to peer 0x55c541c2a6d0 (116 bytes)
1762377898.182445 sending message 105 to peer 0x55c541c2a6d0 (31 bytes)
1762377898.182449 sending message 105 to peer 0x55c541c2a6d0 (15 bytes)
1762377898.182453 sending message 105 to peer 0x55c541c2a6d0 (52 bytes)
1762377898.182457 sending message 105 to peer 0x55c541c2a6d0 (23 bytes)
1762377898.182461 sending message 105 to peer 0x55c541c2a6d0 (29 bytes)
1762377898.182465 sending message 105 to peer 0x55c541c2a6d0 (17 bytes)
1762377898.182470 sending message 105 to peer 0x55c541c2a6d0 (58 bytes)
1762377898.182474 sending message 105 to peer 0x55c541c2a6d0 (25 bytes)
1762377898.182477 sending message 105 to peer 0x55c541c2a6d0 (11 bytes)
1762377898.182481 sending message 105 to peer 0x55c541c2a6d0 (29 bytes)
1762377898.182485 sending message 105 to peer 0x55c541c2a6d0 (16 bytes)
1762377898.182489 sending message 105 to peer 0x55c541c2a6d0 (30 bytes)
1762377898.182493 sending message 105 to peer 0x55c541c2a6d0 (12 bytes)
1762377898.182497 sending message 105 to peer 0x55c541c2a6d0 (70 bytes)
1762377898.182501 sending message 105 to peer 0x55c541c2a6d0 (32 bytes)
1762377898.182505 sending message 105 to peer 0x55c541c2a6d0 (33 bytes)
1762377898.182509 sending message 105 to peer 0x55c541c2a6d0 (18 bytes)
1762377898.182513 sending message 105 to peer 0x55c541c2a6d0 (45 bytes)
1762377898.182517 sending message 105 to peer 0x55c541c2a6d0 (27 bytes)
1762377898.182521 sending message 105 to peer 0x55c541c2a6d0 (25 bytes)
1762377898.182525 sending message 105 to peer 0x55c541c2a6d0 (13 bytes)
1762377898.182529 sending message 106 to peer 0x55c541c2a6d0 (0 bytes)
1762377898.182615 sending message 200 to peer 0x55c541c2a6d0 (4 bytes)
1762377898.182626 client loop enter
1762377898.183521 peer 0x55c541c2a6d0 message 303
1762377898.183536 open write file 2 -
1762377898.183548 sending message 305 to peer 0x55c541c2a6d0 (8 bytes)
1762377898.183576 write check file 2
1762377898.183893 peer 0x55c541c2a6d0 message 304
1762377898.183917 write 58 to file 2
1762377898.183925 peer 0x55c541c2a6d0 message 203
1762377898.183930 file 2 58 bytes left
1762377898.183949 write check file 2
1762377898.183953 client loop exit
